Fri Jun 01 2018 16:02:30 GMT+0700 (+07) : GET /
Fri Jun 01 2018 16:03:05 GMT+0700 (+07) : GET /
Fri Jun 01 2018 16:03:05 GMT+0700 (+07) : GET /main.css
Fri Jun 01 2018 16:03:05 GMT+0700 (+07) : GET /main.js
Fri Jun 01 2018 16:03:20 GMT+0700 (+07) : GET /about
Fri Jun 01 2018 16:03:20 GMT+0700 (+07) : GET /main.css
Fri Jun 01 2018 16:03:20 GMT+0700 (+07) : GET /main.js
Fri Jun 01 2018 16:03:22 GMT+0700 (+07) : GET /about
Fri Jun 01 2018 16:03:22 GMT+0700 (+07) : GET /main.css
Fri Jun 01 2018 16:03:22 GMT+0700 (+07) : GET /main.js
Fri Jun 01 2018 16:03:23 GMT+0700 (+07) : GET /
Fri Jun 01 2018 16:03:23 GMT+0700 (+07) : GET /main.css
Fri Jun 01 2018 16:03:23 GMT+0700 (+07) : GET /main.js
Fri Jun 01 2018 16:04:20 GMT+0700 (+07) : GET /
Fri Jun 01 2018 16:04:35 GMT+0700 (+07) : GET /about
Fri Jun 01 2018 16:04:35 GMT+0700 (+07) : GET /main.css
Fri Jun 01 2018 16:04:35 GMT+0700 (+07) : GET /main.js
Fri Jun 01 2018 16:04:50 GMT+0700 (+07) : GET /
Fri Jun 01 2018 16:04:52 GMT+0700 (+07) : GET /about
Fri Jun 01 2018 16:19:29 GMT+0700 (+07) : GET /about
Fri Jun 01 2018 16:19:39 GMT+0700 (+07) : GET /
Fri Jun 01 2018 17:55:29 GMT+0700 (+07) : GET /
Fri Jun 01 2018 17:55:32 GMT+0700 (+07) : GET /about
Fri Jun 01 2018 17:56:20 GMT+0700 (+07) : GET /about
Fri Jun 01 2018 17:56:22 GMT+0700 (+07) : GET /
Fri Jun 01 2018 18:28:00 GMT+0700 (+07) : GET /
Fri Jun 01 2018 18:28:02 GMT+0700 (+07) : GET /about
Fri Jun 01 2018 20:47:52 GMT+0700 (+07) : GET /
Fri Jun 01 2018 20:48:14 GMT+0700 (+07) : GET /about
Fri Jun 01 2018 20:48:17 GMT+0700 (+07) : GET /registration
Fri Jun 01 2018 20:48:20 GMT+0700 (+07) : GET /projects
Fri Jun 01 2018 20:48:24 GMT+0700 (+07) : GET /
Fri Jun 01 2018 20:49:17 GMT+0700 (+07) : GET /
Fri Jun 01 2018 20:49:19 GMT+0700 (+07) : GET /about
Fri Jun 01 2018 20:49:22 GMT+0700 (+07) : GET /
Fri Jun 01 2018 20:49:49 GMT+0700 (+07) : GET /registration
Fri Jun 01 2018 20:49:55 GMT+0700 (+07) : GET /projects
Fri Jun 01 2018 20:49:56 GMT+0700 (+07) : GET /registration
Fri Jun 01 2018 20:49:56 GMT+0700 (+07) : GET /about
Fri Jun 01 2018 20:49:58 GMT+0700 (+07) : GET /
Fri Jun 01 2018 20:50:26 GMT+0700 (+07) : GET /about
Fri Jun 01 2018 20:50:31 GMT+0700 (+07) : GET /
Fri Jun 01 2018 20:50:33 GMT+0700 (+07) : GET /registration
Fri Jun 01 2018 20:50:35 GMT+0700 (+07) : GET /projects
Fri Jun 01 2018 20:50:37 GMT+0700 (+07) : GET /
Fri Jun 01 2018 20:50:41 GMT+0700 (+07) : GET /registration
Fri Jun 01 2018 20:50:45 GMT+0700 (+07) : GET /
